# Logfile created on 2014-02-17 13:42:28 -0500 by logger.rb/44203
I, [2014-02-17T13:42:28.659869 #1253]  INFO -- : 0:  diff-lcs (1.2.5) from /Users/danielfenjves/.rvm/gems/ruby-2.1.0/specifications/diff-lcs-1.2.5.gemspec
I, [2014-02-17T13:42:28.660147 #1253]  INFO -- : 0:  oj (2.5.4) from /Users/danielfenjves/.rvm/gems/ruby-2.1.0/specifications/oj-2.5.4.gemspec
I, [2014-02-17T13:42:28.660340 #1253]  INFO -- : 0:  rspec-core (2.14.7) from /Users/danielfenjves/.rvm/gems/ruby-2.1.0/specifications/rspec-core-2.14.7.gemspec
I, [2014-02-17T13:42:28.660543 #1253]  INFO -- : 0:  rspec-expectations (2.14.5) from /Users/danielfenjves/.rvm/gems/ruby-2.1.0/specifications/rspec-expectations-2.14.5.gemspec
I, [2014-02-17T13:42:28.660735 #1253]  INFO -- : 0:  rspec-mocks (2.14.5) from /Users/danielfenjves/.rvm/gems/ruby-2.1.0/specifications/rspec-mocks-2.14.5.gemspec
I, [2014-02-17T13:42:28.660921 #1253]  INFO -- : 0:  rspec (2.14.1) from /Users/danielfenjves/.rvm/gems/ruby-2.1.0/specifications/rspec-2.14.1.gemspec
I, [2014-02-17T13:42:28.661101 #1253]  INFO -- : 0:  bundler (1.5.1) from /Users/danielfenjves/.rvm/gems/ruby-2.1.0@global/specifications/bundler-1.5.1.gemspec
I, [2014-02-17T13:47:01.991444 #1262]  INFO -- : 0:  diff-lcs (1.2.5) from /Users/danielfenjves/.rvm/gems/ruby-2.1.0/specifications/diff-lcs-1.2.5.gemspec
I, [2014-02-17T13:47:01.991686 #1262]  INFO -- : 0:  json (1.8.1) from /Users/danielfenjves/.rvm/rubies/ruby-2.1.0/lib/ruby/gems/2.1.0/specifications/default/json-1.8.1.gemspec
I, [2014-02-17T13:47:01.991898 #1262]  INFO -- : 0:  rspec-core (2.14.7) from /Users/danielfenjves/.rvm/gems/ruby-2.1.0/specifications/rspec-core-2.14.7.gemspec
I, [2014-02-17T13:47:01.992105 #1262]  INFO -- : 0:  rspec-expectations (2.14.5) from /Users/danielfenjves/.rvm/gems/ruby-2.1.0/specifications/rspec-expectations-2.14.5.gemspec
I, [2014-02-17T13:47:01.992310 #1262]  INFO -- : 0:  rspec-mocks (2.14.5) from /Users/danielfenjves/.rvm/gems/ruby-2.1.0/specifications/rspec-mocks-2.14.5.gemspec
I, [2014-02-17T13:47:01.992511 #1262]  INFO -- : 0:  rspec (2.14.1) from /Users/danielfenjves/.rvm/gems/ruby-2.1.0/specifications/rspec-2.14.1.gemspec
I, [2014-02-17T13:47:01.992697 #1262]  INFO -- : 0:  bundler (1.5.1) from /Users/danielfenjves/.rvm/gems/ruby-2.1.0@global/specifications/bundler-1.5.1.gemspec
I, [2014-02-17T14:01:53.574301 #1305]  INFO -- : 0:  diff-lcs (1.2.5) from /Users/danielfenjves/.rvm/gems/ruby-2.1.0/specifications/diff-lcs-1.2.5.gemspec
I, [2014-02-17T14:01:53.574536 #1305]  INFO -- : 0:  json (1.8.1) from /Users/danielfenjves/.rvm/rubies/ruby-2.1.0/lib/ruby/gems/2.1.0/specifications/default/json-1.8.1.gemspec
I, [2014-02-17T14:01:55.302125 #1305]  INFO -- : 0:  mime-types (2.1) from /Users/danielfenjves/.rvm/gems/ruby-2.1.0/specifications/mime-types-2.1.gemspec
I, [2014-02-17T14:01:55.979063 #1305]  INFO -- : 0:  rest-client (1.6.7) from /Users/danielfenjves/.rvm/gems/ruby-2.1.0/specifications/rest-client-1.6.7.gemspec
I, [2014-02-17T14:01:55.979327 #1305]  INFO -- : 0:  rspec-core (2.14.7) from /Users/danielfenjves/.rvm/gems/ruby-2.1.0/specifications/rspec-core-2.14.7.gemspec
I, [2014-02-17T14:01:55.979518 #1305]  INFO -- : 0:  rspec-expectations (2.14.5) from /Users/danielfenjves/.rvm/gems/ruby-2.1.0/specifications/rspec-expectations-2.14.5.gemspec
I, [2014-02-17T14:01:55.979723 #1305]  INFO -- : 0:  rspec-mocks (2.14.5) from /Users/danielfenjves/.rvm/gems/ruby-2.1.0/specifications/rspec-mocks-2.14.5.gemspec
I, [2014-02-17T14:01:55.979942 #1305]  INFO -- : 0:  rspec (2.14.1) from /Users/danielfenjves/.rvm/gems/ruby-2.1.0/specifications/rspec-2.14.1.gemspec
I, [2014-02-17T14:01:55.980139 #1305]  INFO -- : 0:  bundler (1.5.1) from /Users/danielfenjves/.rvm/gems/ruby-2.1.0@global/specifications/bundler-1.5.1.gemspec
I, [2014-02-17T14:13:21.341078 #1347]  INFO -- : 0:  coderay (1.1.0) from /Users/danielfenjves/.rvm/gems/ruby-2.1.0/specifications/coderay-1.1.0.gemspec
I, [2014-02-17T14:13:21.341324 #1347]  INFO -- : 0:  diff-lcs (1.2.5) from /Users/danielfenjves/.rvm/gems/ruby-2.1.0/specifications/diff-lcs-1.2.5.gemspec
I, [2014-02-17T14:13:21.341511 #1347]  INFO -- : 0:  json (1.8.1) from /Users/danielfenjves/.rvm/rubies/ruby-2.1.0/lib/ruby/gems/2.1.0/specifications/default/json-1.8.1.gemspec
I, [2014-02-17T14:13:21.341723 #1347]  INFO -- : 0:  method_source (0.8.2) from /Users/danielfenjves/.rvm/gems/ruby-2.1.0/specifications/method_source-0.8.2.gemspec
I, [2014-02-17T14:13:21.341964 #1347]  INFO -- : 0:  mime-types (2.1) from /Users/danielfenjves/.rvm/gems/ruby-2.1.0/specifications/mime-types-2.1.gemspec
I, [2014-02-17T14:13:21.342182 #1347]  INFO -- : 0:  slop (3.4.7) from /Users/danielfenjves/.rvm/gems/ruby-2.1.0/specifications/slop-3.4.7.gemspec
I, [2014-02-17T14:13:21.342384 #1347]  INFO -- : 0:  pry (0.9.12.6) from /Users/danielfenjves/.rvm/gems/ruby-2.1.0/specifications/pry-0.9.12.6.gemspec
I, [2014-02-17T14:13:21.342625 #1347]  INFO -- : 0:  rest-client (1.6.7) from /Users/danielfenjves/.rvm/gems/ruby-2.1.0/specifications/rest-client-1.6.7.gemspec
I, [2014-02-17T14:13:21.342817 #1347]  INFO -- : 0:  rspec-core (2.14.7) from /Users/danielfenjves/.rvm/gems/ruby-2.1.0/specifications/rspec-core-2.14.7.gemspec
I, [2014-02-17T14:13:21.343029 #1347]  INFO -- : 0:  rspec-expectations (2.14.5) from /Users/danielfenjves/.rvm/gems/ruby-2.1.0/specifications/rspec-expectations-2.14.5.gemspec
I, [2014-02-17T14:13:21.343229 #1347]  INFO -- : 0:  rspec-mocks (2.14.5) from /Users/danielfenjves/.rvm/gems/ruby-2.1.0/specifications/rspec-mocks-2.14.5.gemspec
I, [2014-02-17T14:13:21.343425 #1347]  INFO -- : 0:  rspec (2.14.1) from /Users/danielfenjves/.rvm/gems/ruby-2.1.0/specifications/rspec-2.14.1.gemspec
I, [2014-02-17T14:13:21.343618 #1347]  INFO -- : 0:  bundler (1.5.1) from /Users/danielfenjves/.rvm/gems/ruby-2.1.0@global/specifications/bundler-1.5.1.gemspec
I, [2014-02-27T16:02:29.396350 #35578]  INFO -- : 0:  backports (3.6.0) from /Users/danielfenjves/.rvm/gems/ruby-2.1.0/specifications/backports-3.6.0.gemspec
I, [2014-02-27T16:02:29.397019 #35578]  INFO -- : 0:  coderay (1.1.0) from /Users/danielfenjves/.rvm/gems/ruby-2.1.0/specifications/coderay-1.1.0.gemspec
I, [2014-02-27T16:02:29.397241 #35578]  INFO -- : 0:  diff-lcs (1.2.5) from /Users/danielfenjves/.rvm/gems/ruby-2.1.0/specifications/diff-lcs-1.2.5.gemspec
I, [2014-02-27T16:02:29.397447 #35578]  INFO -- : 0:  json (1.8.1) from /Users/danielfenjves/.rvm/rubies/ruby-2.1.0/lib/ruby/gems/2.1.0/specifications/default/json-1.8.1.gemspec
I, [2014-02-27T16:02:29.397652 #35578]  INFO -- : 0:  method_source (0.8.2) from /Users/danielfenjves/.rvm/gems/ruby-2.1.0/specifications/method_source-0.8.2.gemspec
I, [2014-02-27T16:02:29.397870 #35578]  INFO -- : 0:  mime-types (2.1) from /Users/danielfenjves/.rvm/gems/ruby-2.1.0/specifications/mime-types-2.1.gemspec
I, [2014-02-27T16:02:29.398073 #35578]  INFO -- : 0:  multi_json (1.8.4) from /Users/danielfenjves/.rvm/gems/ruby-2.1.0/specifications/multi_json-1.8.4.gemspec
I, [2014-02-27T16:02:29.398269 #35578]  INFO -- : 0:  slop (3.4.7) from /Users/danielfenjves/.rvm/gems/ruby-2.1.0/specifications/slop-3.4.7.gemspec
I, [2014-02-27T16:02:29.398468 #35578]  INFO -- : 0:  pry (0.9.12.6) from /Users/danielfenjves/.rvm/gems/ruby-2.1.0/specifications/pry-0.9.12.6.gemspec
I, [2014-02-27T16:02:29.398699 #35578]  INFO -- : 0:  rack (1.5.2) from /Users/danielfenjves/.rvm/gems/ruby-2.1.0/specifications/rack-1.5.2.gemspec
I, [2014-02-27T16:02:29.398908 #35578]  INFO -- : 0:  rack-protection (1.5.2) from /Users/danielfenjves/.rvm/gems/ruby-2.1.0/specifications/rack-protection-1.5.2.gemspec
I, [2014-02-27T16:02:29.399119 #35578]  INFO -- : 0:  rack-test (0.6.2) from /Users/danielfenjves/.rvm/gems/ruby-2.1.0/specifications/rack-test-0.6.2.gemspec
I, [2014-02-27T16:02:29.399323 #35578]  INFO -- : 0:  rest-client (1.6.7) from /Users/danielfenjves/.rvm/gems/ruby-2.1.0/specifications/rest-client-1.6.7.gemspec
I, [2014-02-27T16:02:29.399520 #35578]  INFO -- : 0:  rspec-core (2.14.7) from /Users/danielfenjves/.rvm/gems/ruby-2.1.0/specifications/rspec-core-2.14.7.gemspec
I, [2014-02-27T16:02:29.399721 #35578]  INFO -- : 0:  rspec-expectations (2.14.5) from /Users/danielfenjves/.rvm/gems/ruby-2.1.0/specifications/rspec-expectations-2.14.5.gemspec
I, [2014-02-27T16:02:29.399944 #35578]  INFO -- : 0:  rspec-mocks (2.14.5) from /Users/danielfenjves/.rvm/gems/ruby-2.1.0/specifications/rspec-mocks-2.14.5.gemspec
I, [2014-02-27T16:02:29.400150 #35578]  INFO -- : 0:  rspec (2.14.1) from /Users/danielfenjves/.rvm/gems/ruby-2.1.0/specifications/rspec-2.14.1.gemspec
I, [2014-02-27T16:02:29.400364 #35578]  INFO -- : 0:  tilt (1.4.1) from /Users/danielfenjves/.rvm/gems/ruby-2.1.0/specifications/tilt-1.4.1.gemspec
I, [2014-02-27T16:02:29.400570 #35578]  INFO -- : 0:  sinatra (1.4.4) from /Users/danielfenjves/.rvm/gems/ruby-2.1.0/specifications/sinatra-1.4.4.gemspec
I, [2014-02-27T16:02:29.400764 #35578]  INFO -- : 0:  sinatra-contrib (1.4.2) from /Users/danielfenjves/.rvm/gems/ruby-2.1.0/specifications/sinatra-contrib-1.4.2.gemspec
I, [2014-02-27T16:02:29.400990 #35578]  INFO -- : 0:  sinatra-reloader (1.0) from /Users/danielfenjves/.rvm/gems/ruby-2.1.0/specifications/sinatra-reloader-1.0.gemspec
I, [2014-02-27T16:02:29.401190 #35578]  INFO -- : 0:  bundler (1.5.1) from /Users/danielfenjves/.rvm/gems/ruby-2.1.0@global/specifications/bundler-1.5.1.gemspec
I, [2014-02-27T16:03:20.734468 #35594]  INFO -- : 0:  backports (3.6.0) from /Users/danielfenjves/.rvm/gems/ruby-2.1.0/specifications/backports-3.6.0.gemspec
I, [2014-02-27T16:03:20.734727 #35594]  INFO -- : 0:  coderay (1.1.0) from /Users/danielfenjves/.rvm/gems/ruby-2.1.0/specifications/coderay-1.1.0.gemspec
I, [2014-02-27T16:03:20.734975 #35594]  INFO -- : 0:  diff-lcs (1.2.5) from /Users/danielfenjves/.rvm/gems/ruby-2.1.0/specifications/diff-lcs-1.2.5.gemspec
I, [2014-02-27T16:03:20.735189 #35594]  INFO -- : 0:  json (1.8.1) from /Users/danielfenjves/.rvm/rubies/ruby-2.1.0/lib/ruby/gems/2.1.0/specifications/default/json-1.8.1.gemspec
I, [2014-02-27T16:03:20.735395 #35594]  INFO -- : 0:  method_source (0.8.2) from /Users/danielfenjves/.rvm/gems/ruby-2.1.0/specifications/method_source-0.8.2.gemspec
I, [2014-02-27T16:03:20.735610 #35594]  INFO -- : 0:  mime-types (2.1) from /Users/danielfenjves/.rvm/gems/ruby-2.1.0/specifications/mime-types-2.1.gemspec
I, [2014-02-27T16:03:20.735811 #35594]  INFO -- : 0:  multi_json (1.8.4) from /Users/danielfenjves/.rvm/gems/ruby-2.1.0/specifications/multi_json-1.8.4.gemspec
I, [2014-02-27T16:03:20.736005 #35594]  INFO -- : 0:  slop (3.4.7) from /Users/danielfenjves/.rvm/gems/ruby-2.1.0/specifications/slop-3.4.7.gemspec
I, [2014-02-27T16:03:20.736203 #35594]  INFO -- : 0:  pry (0.9.12.6) from /Users/danielfenjves/.rvm/gems/ruby-2.1.0/specifications/pry-0.9.12.6.gemspec
I, [2014-02-27T16:03:20.736431 #35594]  INFO -- : 0:  rack (1.5.2) from /Users/danielfenjves/.rvm/gems/ruby-2.1.0/specifications/rack-1.5.2.gemspec
I, [2014-02-27T16:03:20.736633 #35594]  INFO -- : 0:  rack-protection (1.5.2) from /Users/danielfenjves/.rvm/gems/ruby-2.1.0/specifications/rack-protection-1.5.2.gemspec
I, [2014-02-27T16:03:20.736846 #35594]  INFO -- : 0:  rack-test (0.6.2) from /Users/danielfenjves/.rvm/gems/ruby-2.1.0/specifications/rack-test-0.6.2.gemspec
I, [2014-02-27T16:03:20.737046 #35594]  INFO -- : 0:  rest-client (1.6.7) from /Users/danielfenjves/.rvm/gems/ruby-2.1.0/specifications/rest-client-1.6.7.gemspec
I, [2014-02-27T16:03:20.737243 #35594]  INFO -- : 0:  rspec-core (2.14.7) from /Users/danielfenjves/.rvm/gems/ruby-2.1.0/specifications/rspec-core-2.14.7.gemspec
I, [2014-02-27T16:03:20.737442 #35594]  INFO -- : 0:  rspec-expectations (2.14.5) from /Users/danielfenjves/.rvm/gems/ruby-2.1.0/specifications/rspec-expectations-2.14.5.gemspec
I, [2014-02-27T16:03:20.737647 #35594]  INFO -- : 0:  rspec-mocks (2.14.5) from /Users/danielfenjves/.rvm/gems/ruby-2.1.0/specifications/rspec-mocks-2.14.5.gemspec
I, [2014-02-27T16:03:20.737849 #35594]  INFO -- : 0:  rspec (2.14.1) from /Users/danielfenjves/.rvm/gems/ruby-2.1.0/specifications/rspec-2.14.1.gemspec
I, [2014-02-27T16:03:20.738057 #35594]  INFO -- : 0:  tilt (1.4.1) from /Users/danielfenjves/.rvm/gems/ruby-2.1.0/specifications/tilt-1.4.1.gemspec
I, [2014-02-27T16:03:20.738263 #35594]  INFO -- : 0:  sinatra (1.4.4) from /Users/danielfenjves/.rvm/gems/ruby-2.1.0/specifications/sinatra-1.4.4.gemspec
I, [2014-02-27T16:03:20.738504 #35594]  INFO -- : 0:  sinatra-contrib (1.4.2) from /Users/danielfenjves/.rvm/gems/ruby-2.1.0/specifications/sinatra-contrib-1.4.2.gemspec
I, [2014-02-27T16:03:20.738697 #35594]  INFO -- : 0:  sinatra-reloader (1.0) from /Users/danielfenjves/.rvm/gems/ruby-2.1.0/specifications/sinatra-reloader-1.0.gemspec
I, [2014-02-27T16:03:20.738899 #35594]  INFO -- : 0:  bundler (1.5.1) from /Users/danielfenjves/.rvm/gems/ruby-2.1.0@global/specifications/bundler-1.5.1.gemspec
